Arguments: 
  /Users/macbook/.nvm/versions/node/v12.17.0/bin/node /Users/macbook/.nvm/versions/node/v12.17.0/bin/yarnpkg install

PATH: 
  /usr/local/Cellar/python/3.7.7/bin/python3:/Users/macbook/.ebcli-virtual-env/executables:/Users/macbook/.serverless/bin:/Users/macbook/.nvm/versions/node/v12.17.0/bin:/usr/local/bin:/usr/bin:/bin:/usr/sbin:/sbin:/Users/macbook/.node/bin:/Users/macbook/.node/lib/node_modules:/Applications/Visual\ Studio\ Code.app/Contents/Resources/app/bin/:/usr/local/mysql/support-files:/usr/local/mysql/bin:/usr/local/Cellar/python/3.7.7/bin/python3:/Users/macbook/.ebcli-virtual-env/executables:/Users/macbook/.serverless/bin:/Users/macbook/DevTools/google-cloud-sdk/bin:/Users/macbook/.nvm/versions/node/v12.17.0/bin:/Users/macbook/Library/Android/sdk/emulator:/Users/macbook/Library/Android/sdk/tools:/Users/macbook/Library/Android/sdk/tools/bin:/Users/macbook/Library/Android/sdk/platform-tools:/Users/macbook/Library/Android/sdk/emulator:/Users/macbook/Library/Android/sdk/tools:/Users/macbook/Library/Android/sdk/tools/bin:/Users/macbook/Library/Android/sdk/platform-tools

Yarn version: 
  1.22.4

Node version: 
  12.17.0

Platform: 
  darwin x64

Trace: 
  Error: https://github.com/expo/react-native/archive/sdk-40.0.1.tar.gz: ESOCKETTIMEDOUT
      at ClientRequest.<anonymous> (/Users/macbook/.nvm/versions/node/v12.17.0/lib/node_modules/yarn/lib/cli.js:141375:19)
      at Object.onceWrapper (events.js:421:28)
      at ClientRequest.emit (events.js:315:20)
      at TLSSocket.emitRequestTimeout (_http_client.js:709:9)
      at Object.onceWrapper (events.js:421:28)
      at TLSSocket.emit (events.js:327:22)
      at TLSSocket.Socket._onTimeout (net.js:481:8)
      at listOnTimeout (internal/timers.js:549:17)
      at processTimers (internal/timers.js:492:7)

npm manifest: 
  {
    "main": "node_modules/expo/AppEntry.js",
    "scripts": {
      "start": "expo start",
      "android": "expo start --android",
      "ios": "expo start --ios",
      "web": "expo start --web",
      "eject": "expo eject"
    },
    "dependencies": {
      "expo": "~40.0.0",
      "expo-status-bar": "~1.0.3",
      "react": "16.13.1",
      "react-dom": "16.13.1",
      "react-native": "https://github.com/expo/react-native/archive/sdk-40.0.1.tar.gz",
      "react-native-web": "~0.13.12"
    },
    "devDependencies": {
      "@babel/core": "~7.9.0"
    },
    "private": true
  }

yarn manifest: 
  No manifest

Lockfile: 
  No lockfile
